<?xml version="1.0" encoding="UTF-8"?>
<!-- Generated by org.testng.reporters.JUnitReportReporter -->
<testsuite skipped="0" hostname="DESKTOP-FUTTP8I" name="org.testNgTasks.Task1" tests="1" failures="0" timestamp="28 Jan 2022 17:38:23 GMT" time="0.343" errors="0">
  <testcase name="getData" time="0.343" classname="org.testNgTasks.Task1"/>
</testsuite> <!-- org.testNgTasks.Task1 -->
